{"C:\\Users\\Gabriel Machado\\Documents\\velura-ai-platform\\src\\features\\auth\\contexts\\AuthContext.tsx": {"path":"C:\\Users\\Gabriel Machado\\Documents\\velura-ai-platform\\src\\features\\auth\\contexts\\AuthContext.tsx","statementMap":{"0":{"start":{"line":14,"column":6},"end":{"line":14,"column":null}},"1":{"start":{"line":17,"column":22},"end":{"line":17,"column":null}},"2":{"start":{"line":18,"column":28},"end":{"line":18,"column":null}},"3":{"start":{"line":19,"column":28},"end":{"line":19,"column":null}},"4":{"start":{"line":21,"column":2},"end":{"line":46,"column":null}},"5":{"start":{"line":25,"column":39},"end":{"line":32,"column":null}},"6":{"start":{"line":28,"column":8},"end":{"line":28,"column":null}},"7":{"start":{"line":29,"column":8},"end":{"line":29,"column":null}},"8":{"start":{"line":30,"column":8},"end":{"line":30,"column":null}},"9":{"start":{"line":35,"column":4},"end":{"line":40,"column":null}},"10":{"start":{"line":37,"column":6},"end":{"line":37,"column":null}},"11":{"start":{"line":38,"column":6},"end":{"line":38,"column":null}},"12":{"start":{"line":39,"column":6},"end":{"line":39,"column":null}},"13":{"start":{"line":42,"column":4},"end":{"line":45,"column":null}},"14":{"start":{"line":44,"column":6},"end":{"line":44,"column":null}},"15":{"start":{"line":48,"column":18},"end":{"line":50,"column":null}},"16":{"start":{"line":49,"column":4},"end":{"line":49,"column":null}},"17":{"start":{"line":52,"column":2},"end":{"line":55,"column":null}},"18":{"start":{"line":60,"column":8},"end":{"line":60,"column":null}},"19":{"start":{"line":61,"column":2},"end":{"line":63,"column":null}},"20":{"start":{"line":62,"column":4},"end":{"line":62,"column":null}},"21":{"start":{"line":64,"column":2},"end":{"line":64,"column":null}}},"fnMap":{"0":{"name":"AuthProvider","decl":{"start":{"line":16,"column":16},"end":{"line":16,"column":29}},"loc":{"start":{"line":16,"column":68},"end":{"line":57,"column":null}},"line":16},"1":{"name":"(anonymous_1)","decl":{"start":{"line":21,"column":12},"end":{"line":21,"column":18}},"loc":{"start":{"line":21,"column":18},"end":{"line":46,"column":5}},"line":21},"2":{"name":"(anonymous_2)","decl":{"start":{"line":26,"column":6},"end":{"line":26,"column":7}},"loc":{"start":{"line":26,"column":27},"end":{"line":31,"column":null}},"line":26},"3":{"name":"(anonymous_3)","decl":{"start":{"line":35,"column":36},"end":{"line":35,"column":37}},"loc":{"start":{"line":35,"column":63},"end":{"line":40,"column":5}},"line":35},"4":{"name":"(anonymous_4)","decl":{"start":{"line":42,"column":11},"end":{"line":42,"column":17}},"loc":{"start":{"line":42,"column":17},"end":{"line":45,"column":null}},"line":42},"5":{"name":"(anonymous_5)","decl":{"start":{"line":48,"column":18},"end":{"line":48,"column":30}},"loc":{"start":{"line":48,"column":30},"end":{"line":50,"column":null}},"line":48},"6":{"name":"useAuth","decl":{"start":{"line":59,"column":16},"end":{"line":59,"column":26}},"loc":{"start":{"line":59,"column":26},"end":{"line":65,"column":null}},"line":59}},"branchMap":{"0":{"loc":{"start":{"line":29,"column":16},"end":{"line":29,"column":37}},"type":"binary-expr","locations":[{"start":{"line":29,"column":16},"end":{"line":29,"column":33}},{"start":{"line":29,"column":33},"end":{"line":29,"column":37}}],"line":29},"1":{"loc":{"start":{"line":38,"column":14},"end":{"line":38,"column":35}},"type":"binary-expr","locations":[{"start":{"line":38,"column":14},"end":{"line":38,"column":31}},{"start":{"line":38,"column":31},"end":{"line":38,"column":35}}],"line":38},"2":{"loc":{"start":{"line":61,"column":2},"end":{"line":63,"column":null}},"type":"if","locations":[{"start":{"line":61,"column":2},"end":{"line":63,"column":null}},{"start":{},"end":{}}],"line":61}},"s":{"0":1,"1":2,"2":2,"3":2,"4":2,"5":1,"6":1,"7":1,"8":1,"9":1,"10":1,"11":1,"12":1,"13":1,"14":1,"15":2,"16":0,"17":2,"18":0,"19":0,"20":0,"21":0},"f":{"0":2,"1":1,"2":1,"3":1,"4":1,"5":0,"6":0},"b":{"0":[1,1],"1":[1,1],"2":[0,0]},"meta":{"lastBranch":3,"lastFunction":7,"lastStatement":22,"seen":{"s:14:6:14:Infinity":0,"f:16:16:16:29":0,"s:17:22:17:Infinity":1,"s:18:28:18:Infinity":2,"s:19:28:19:Infinity":3,"s:21:2:46:Infinity":4,"f:21:12:21:18":1,"s:25:39:32:Infinity":5,"f:26:6:26:7":2,"s:28:8:28:Infinity":6,"s:29:8:29:Infinity":7,"b:29:16:29:33:29:33:29:37":0,"s:30:8:30:Infinity":8,"s:35:4:40:Infinity":9,"f:35:36:35:37":3,"s:37:6:37:Infinity":10,"s:38:6:38:Infinity":11,"b:38:14:38:31:38:31:38:35":1,"s:39:6:39:Infinity":12,"s:42:4:45:Infinity":13,"f:42:11:42:17":4,"s:44:6:44:Infinity":14,"s:48:18:50:Infinity":15,"f:48:18:48:30":5,"s:49:4:49:Infinity":16,"s:52:2:55:Infinity":17,"f:59:16:59:26":6,"s:60:8:60:Infinity":18,"b:61:2:63:Infinity:undefined:undefined:undefined:undefined":2,"s:61:2:63:Infinity":19,"s:62:4:62:Infinity":20,"s:64:2:64:Infinity":21}}}
,"C:\\Users\\Gabriel Machado\\Documents\\velura-ai-platform\\src\\features\\code-generation\\index.ts": {"path":"C:\\Users\\Gabriel Machado\\Documents\\velura-ai-platform\\src\\features\\code-generation\\index.ts","statementMap":{},"fnMap":{},"branchMap":{},"s":{},"f":{},"b":{},"meta":{"lastBranch":0,"lastFunction":0,"lastStatement":0,"seen":{}}}
,"C:\\Users\\Gabriel Machado\\Documents\\velura-ai-platform\\src\\features\\code-generation\\components\\CodeGeneratorForm.tsx": {"path":"C:\\Users\\Gabriel Machado\\Documents\\velura-ai-platform\\src\\features\\code-generation\\components\\CodeGeneratorForm.tsx","statementMap":{"0":{"start":{"line":8,"column":26},"end":{"line":8,"column":null}},"1":{"start":{"line":9,"column":44},"end":{"line":9,"column":null}},"2":{"start":{"line":11,"column":23},"end":{"line":14,"column":null}},"3":{"start":{"line":12,"column":4},"end":{"line":12,"column":null}},"4":{"start":{"line":13,"column":4},"end":{"line":13,"column":null}},"5":{"start":{"line":16,"column":2},"end":{"line":46,"column":null}},"6":{"start":{"line":20,"column":25},"end":{"line":20,"column":null}}},"fnMap":{"0":{"name":"CodeGeneratorForm","decl":{"start":{"line":7,"column":16},"end":{"line":7,"column":36}},"loc":{"start":{"line":7,"column":36},"end":{"line":48,"column":null}},"line":7},"1":{"name":"(anonymous_1)","decl":{"start":{"line":11,"column":23},"end":{"line":11,"column":30}},"loc":{"start":{"line":11,"column":53},"end":{"line":14,"column":null}},"line":11},"2":{"name":"(anonymous_2)","decl":{"start":{"line":20,"column":18},"end":{"line":20,"column":19}},"loc":{"start":{"line":20,"column":25},"end":{"line":20,"column":null}},"line":20}},"branchMap":{"0":{"loc":{"start":{"line":26,"column":7},"end":{"line":29,"column":null}},"type":"binary-expr","locations":[{"start":{"line":26,"column":7},"end":{"line":26,"column":null}},{"start":{"line":27,"column":8},"end":{"line":29,"column":null}}],"line":26},"1":{"loc":{"start":{"line":34,"column":18},"end":{"line":34,"column":null}},"type":"binary-expr","locations":[{"start":{"line":34,"column":18},"end":{"line":34,"column":34}},{"start":{"line":34,"column":34},"end":{"line":34,"column":null}}],"line":34},"2":{"loc":{"start":{"line":37,"column":9},"end":{"line":43,"column":null}},"type":"cond-expr","locations":[{"start":{"line":38,"column":10},"end":{"line":41,"column":null}},{"start":{"line":43,"column":10},"end":{"line":43,"column":null}}],"line":37}},"s":{"0":8,"1":8,"2":8,"3":1,"4":1,"5":8,"6":2},"f":{"0":8,"1":1,"2":2},"b":{"0":[8,1],"1":[8,7],"2":[1,7]},"meta":{"lastBranch":3,"lastFunction":3,"lastStatement":7,"seen":{"f:7:16:7:36":0,"s:8:26:8:Infinity":0,"s:9:44:9:Infinity":1,"s:11:23:14:Infinity":2,"f:11:23:11:30":1,"s:12:4:12:Infinity":3,"s:13:4:13:Infinity":4,"s:16:2:46:Infinity":5,"f:20:18:20:19":2,"s:20:25:20:Infinity":6,"b:26:7:26:Infinity:27:8:29:Infinity":0,"b:34:18:34:34:34:34:34:Infinity":1,"b:38:10:41:Infinity:43:10:43:Infinity":2}}}
,"C:\\Users\\Gabriel Machado\\Documents\\velura-ai-platform\\src\\features\\code-generation\\hooks\\useCodeGenerator.ts": {"path":"C:\\Users\\Gabriel Machado\\Documents\\velura-ai-platform\\src\\features\\code-generation\\hooks\\useCodeGenerator.ts","statementMap":{"0":{"start":{"line":13,"column":38},"end":{"line":13,"column":null}},"1":{"start":{"line":14,"column":24},"end":{"line":14,"column":null}},"2":{"start":{"line":15,"column":42},"end":{"line":15,"column":null}},"3":{"start":{"line":17,"column":8},"end":{"line":54,"column":null}},"4":{"start":{"line":18,"column":4},"end":{"line":25,"column":null}},"5":{"start":{"line":19,"column":6},"end":{"line":23,"column":null}},"6":{"start":{"line":24,"column":6},"end":{"line":24,"column":null}},"7":{"start":{"line":27,"column":4},"end":{"line":27,"column":null}},"8":{"start":{"line":28,"column":4},"end":{"line":28,"column":null}},"9":{"start":{"line":30,"column":4},"end":{"line":53,"column":null}},"10":{"start":{"line":31,"column":20},"end":{"line":31,"column":null}},"11":{"start":{"line":32,"column":6},"end":{"line":32,"column":null}},"12":{"start":{"line":34,"column":6},"end":{"line":37,"column":null}},"13":{"start":{"line":39,"column":6},"end":{"line":39,"column":null}},"14":{"start":{"line":41,"column":20},"end":{"line":41,"column":null}},"15":{"start":{"line":42,"column":6},"end":{"line":42,"column":null}},"16":{"start":{"line":44,"column":6},"end":{"line":48,"column":null}},"17":{"start":{"line":50,"column":6},"end":{"line":50,"column":null}},"18":{"start":{"line":52,"column":6},"end":{"line":52,"column":null}},"19":{"start":{"line":56,"column":2},"end":{"line":61,"column":null}}},"fnMap":{"0":{"name":"useCodeGenerator","decl":{"start":{"line":12,"column":16},"end":{"line":12,"column":59}},"loc":{"start":{"line":12,"column":59},"end":{"line":62,"column":null}},"line":12},"1":{"name":"(anonymous_1)","decl":{"start":{"line":17,"column":35},"end":{"line":17,"column":42}},"loc":{"start":{"line":17,"column":140},"end":{"line":54,"column":5}},"line":17}},"branchMap":{"0":{"loc":{"start":{"line":18,"column":4},"end":{"line":25,"column":null}},"type":"if","locations":[{"start":{"line":18,"column":4},"end":{"line":25,"column":null}},{"start":{},"end":{}}],"line":18},"1":{"loc":{"start":{"line":41,"column":20},"end":{"line":41,"column":null}},"type":"cond-expr","locations":[{"start":{"line":41,"column":43},"end":{"line":41,"column":49}},{"start":{"line":41,"column":49},"end":{"line":41,"column":null}}],"line":41}},"s":{"0":2,"1":2,"2":2,"3":2,"4":1,"5":1,"6":1,"7":0,"8":0,"9":0,"10":0,"11":0,"12":0,"13":0,"14":0,"15":0,"16":0,"17":0,"18":0,"19":2},"f":{"0":2,"1":1},"b":{"0":[1,0],"1":[0,0]},"meta":{"lastBranch":2,"lastFunction":2,"lastStatement":20,"seen":{"f:12:16:12:59":0,"s:13:38:13:Infinity":0,"s:14:24:14:Infinity":1,"s:15:42:15:Infinity":2,"s:17:8:54:Infinity":3,"f:17:35:17:42":1,"b:18:4:25:Infinity:undefined:undefined:undefined:undefined":0,"s:18:4:25:Infinity":4,"s:19:6:23:Infinity":5,"s:24:6:24:Infinity":6,"s:27:4:27:Infinity":7,"s:28:4:28:Infinity":8,"s:30:4:53:Infinity":9,"s:31:20:31:Infinity":10,"s:32:6:32:Infinity":11,"s:34:6:37:Infinity":12,"s:39:6:39:Infinity":13,"s:41:20:41:Infinity":14,"b:41:43:41:49:41:49:41:Infinity":1,"s:42:6:42:Infinity":15,"s:44:6:48:Infinity":16,"s:50:6:50:Infinity":17,"s:52:6:52:Infinity":18,"s:56:2:61:Infinity":19}}}
,"C:\\Users\\Gabriel Machado\\Documents\\velura-ai-platform\\src\\features\\code-generation\\services\\code-generation.service.ts": {"path":"C:\\Users\\Gabriel Machado\\Documents\\velura-ai-platform\\src\\features\\code-generation\\services\\code-generation.service.ts","statementMap":{"0":{"start":{"line":5,"column":36},"end":{"line":5,"column":null}},"1":{"start":{"line":8,"column":45},"end":{"line":8,"column":null}},"2":{"start":{"line":10,"column":21},"end":{"line":16,"column":null}},"3":{"start":{"line":18,"column":4},"end":{"line":24,"column":null}},"4":{"start":{"line":19,"column":24},"end":{"line":19,"column":null}},"5":{"start":{"line":19,"column":59},"end":{"line":19,"column":62}},"6":{"start":{"line":20,"column":6},"end":{"line":23,"column":null}},"7":{"start":{"line":26,"column":18},"end":{"line":26,"column":null}},"8":{"start":{"line":27,"column":4},"end":{"line":27,"column":null}}},"fnMap":{"0":{"name":"(anonymous_0)","decl":{"start":{"line":7,"column":15},"end":{"line":7,"column":28}},"loc":{"start":{"line":7,"column":116},"end":{"line":28,"column":null}},"line":7},"1":{"name":"(anonymous_1)","decl":{"start":{"line":19,"column":52},"end":{"line":19,"column":59}},"loc":{"start":{"line":19,"column":59},"end":{"line":19,"column":62}},"line":19}},"branchMap":{"0":{"loc":{"start":{"line":18,"column":4},"end":{"line":24,"column":null}},"type":"if","locations":[{"start":{"line":18,"column":4},"end":{"line":24,"column":null}},{"start":{},"end":{}}],"line":18},"1":{"loc":{"start":{"line":21,"column":8},"end":{"line":21,"column":null}},"type":"binary-expr","locations":[{"start":{"line":21,"column":8},"end":{"line":21,"column":36}},{"start":{"line":21,"column":36},"end":{"line":21,"column":null}}],"line":21}},"s":{"0":2,"1":0,"2":0,"3":0,"4":0,"5":0,"6":0,"7":0,"8":0},"f":{"0":2,"1":0},"b":{"0":[0,0],"1":[0,0]},"meta":{"lastBranch":2,"lastFunction":2,"lastStatement":9,"seen":{"s:5:36:5:Infinity":0,"f:7:15:7:28":0,"s:8:45:8:Infinity":1,"s:10:21:16:Infinity":2,"b:18:4:24:Infinity:undefined:undefined:undefined:undefined":0,"s:18:4:24:Infinity":3,"s:19:24:19:Infinity":4,"f:19:52:19:59":1,"s:19:59:19:62":5,"s:20:6:23:Infinity":6,"b:21:8:21:36:21:36:21:Infinity":1,"s:26:18:26:Infinity":7,"s:27:4:27:Infinity":8}}}
,"C:\\Users\\Gabriel Machado\\Documents\\velura-ai-platform\\src\\features\\code-generation\\utils\\json-parser.ts": {"path":"C:\\Users\\Gabriel Machado\\Documents\\velura-ai-platform\\src\\features\\code-generation\\utils\\json-parser.ts","statementMap":{"0":{"start":{"line":10,"column":14},"end":{"line":10,"column":null}},"1":{"start":{"line":13,"column":2},"end":{"line":13,"column":null}},"2":{"start":{"line":14,"column":2},"end":{"line":14,"column":null}},"3":{"start":{"line":17,"column":28},"end":{"line":26,"column":null}},"4":{"start":{"line":28,"column":2},"end":{"line":30,"column":null}},"5":{"start":{"line":29,"column":4},"end":{"line":29,"column":null}},"6":{"start":{"line":33,"column":21},"end":{"line":33,"column":null}},"7":{"start":{"line":34,"column":20},"end":{"line":34,"column":null}},"8":{"start":{"line":36,"column":2},"end":{"line":39,"column":null}},"9":{"start":{"line":37,"column":4},"end":{"line":37,"column":null}},"10":{"start":{"line":42,"column":26},"end":{"line":42,"column":null}},"11":{"start":{"line":43,"column":2},"end":{"line":45,"column":null}},"12":{"start":{"line":44,"column":4},"end":{"line":44,"column":null}},"13":{"start":{"line":48,"column":2},"end":{"line":50,"column":null}},"14":{"start":{"line":49,"column":4},"end":{"line":49,"column":null}},"15":{"start":{"line":51,"column":2},"end":{"line":53,"column":null}},"16":{"start":{"line":52,"column":4},"end":{"line":52,"column":null}},"17":{"start":{"line":59,"column":2},"end":{"line":59,"column":null}},"18":{"start":{"line":63,"column":24},"end":{"line":135,"column":null}},"19":{"start":{"line":138,"column":14},"end":{"line":138,"column":null}},"20":{"start":{"line":140,"column":2},"end":{"line":145,"column":null}},"21":{"start":{"line":141,"column":4},"end":{"line":143,"column":null}},"22":{"start":{"line":142,"column":6},"end":{"line":142,"column":null}},"23":{"start":{"line":144,"column":4},"end":{"line":144,"column":null}},"24":{"start":{"line":147,"column":2},"end":{"line":147,"column":null}},"25":{"start":{"line":156,"column":20},"end":{"line":156,"column":null}},"26":{"start":{"line":158,"column":2},"end":{"line":194,"column":null}},"27":{"start":{"line":159,"column":19},"end":{"line":159,"column":null}},"28":{"start":{"line":163,"column":4},"end":{"line":166,"column":null}},"29":{"start":{"line":165,"column":6},"end":{"line":165,"column":null}},"30":{"start":{"line":169,"column":23},"end":{"line":169,"column":null}},"31":{"start":{"line":174,"column":4},"end":{"line":174,"column":null}},"32":{"start":{"line":180,"column":4},"end":{"line":193,"column":null}},"33":{"start":{"line":181,"column":23},"end":{"line":181,"column":null}},"34":{"start":{"line":182,"column":21},"end":{"line":182,"column":null}},"35":{"start":{"line":185,"column":6},"end":{"line":187,"column":null}},"36":{"start":{"line":186,"column":8},"end":{"line":186,"column":null}},"37":{"start":{"line":189,"column":6},"end":{"line":189,"column":null}},"38":{"start":{"line":192,"column":6},"end":{"line":192,"column":null}},"39":{"start":{"line":198,"column":17},"end":{"line":198,"column":null}},"40":{"start":{"line":201,"column":2},"end":{"line":206,"column":null}},"41":{"start":{"line":202,"column":4},"end":{"line":205,"column":null}},"42":{"start":{"line":204,"column":6},"end":{"line":204,"column":null}},"43":{"start":{"line":209,"column":2},"end":{"line":221,"column":null}},"44":{"start":{"line":211,"column":4},"end":{"line":211,"column":null}},"45":{"start":{"line":223,"column":2},"end":{"line":223,"column":null}}},"fnMap":{"0":{"name":"sanitizeAIResponse","decl":{"start":{"line":7,"column":9},"end":{"line":7,"column":28}},"loc":{"start":{"line":7,"column":50},"end":{"line":60,"column":null}},"line":7},"1":{"name":"tryRepairJson","decl":{"start":{"line":137,"column":9},"end":{"line":137,"column":23}},"loc":{"start":{"line":137,"column":51},"end":{"line":148,"column":null}},"line":137},"2":{"name":"parseCodeFiles","decl":{"start":{"line":150,"column":16},"end":{"line":150,"column":31}},"loc":{"start":{"line":150,"column":72},"end":{"line":195,"column":null}},"line":150},"3":{"name":"ensureEssentialFiles","decl":{"start":{"line":197,"column":9},"end":{"line":197,"column":30}},"loc":{"start":{"line":197,"column":85},"end":{"line":224,"column":null}},"line":197}},"branchMap":{"0":{"loc":{"start":{"line":36,"column":2},"end":{"line":39,"column":null}},"type":"if","locations":[{"start":{"line":36,"column":2},"end":{"line":39,"column":null}},{"start":{},"end":{}}],"line":36},"1":{"loc":{"start":{"line":36,"column":6},"end":{"line":36,"column":71}},"type":"binary-expr","locations":[{"start":{"line":36,"column":6},"end":{"line":36,"column":27}},{"start":{"line":36,"column":27},"end":{"line":36,"column":47}},{"start":{"line":36,"column":47},"end":{"line":36,"column":71}}],"line":36},"2":{"loc":{"start":{"line":43,"column":2},"end":{"line":45,"column":null}},"type":"if","locations":[{"start":{"line":43,"column":2},"end":{"line":45,"column":null}},{"start":{},"end":{}}],"line":43},"3":{"loc":{"start":{"line":48,"column":2},"end":{"line":50,"column":null}},"type":"if","locations":[{"start":{"line":48,"column":2},"end":{"line":50,"column":null}},{"start":{},"end":{}}],"line":48},"4":{"loc":{"start":{"line":51,"column":2},"end":{"line":53,"column":null}},"type":"if","locations":[{"start":{"line":51,"column":2},"end":{"line":53,"column":null}},{"start":{},"end":{}}],"line":51},"5":{"loc":{"start":{"line":140,"column":2},"end":{"line":145,"column":null}},"type":"if","locations":[{"start":{"line":140,"column":2},"end":{"line":145,"column":null}},{"start":{},"end":{}}],"line":140},"6":{"loc":{"start":{"line":140,"column":6},"end":{"line":140,"column":52}},"type":"binary-expr","locations":[{"start":{"line":140,"column":6},"end":{"line":140,"column":30}},{"start":{"line":140,"column":30},"end":{"line":140,"column":52}}],"line":140},"7":{"loc":{"start":{"line":141,"column":4},"end":{"line":143,"column":null}},"type":"if","locations":[{"start":{"line":141,"column":4},"end":{"line":143,"column":null}},{"start":{},"end":{}}],"line":141},"8":{"loc":{"start":{"line":163,"column":4},"end":{"line":166,"column":null}},"type":"if","locations":[{"start":{"line":163,"column":4},"end":{"line":166,"column":null}},{"start":{},"end":{}}],"line":163},"9":{"loc":{"start":{"line":185,"column":6},"end":{"line":187,"column":null}},"type":"if","locations":[{"start":{"line":185,"column":6},"end":{"line":187,"column":null}},{"start":{},"end":{}}],"line":185},"10":{"loc":{"start":{"line":202,"column":4},"end":{"line":205,"column":null}},"type":"if","locations":[{"start":{"line":202,"column":4},"end":{"line":205,"column":null}},{"start":{},"end":{}}],"line":202},"11":{"loc":{"start":{"line":209,"column":2},"end":{"line":221,"column":null}},"type":"if","locations":[{"start":{"line":209,"column":2},"end":{"line":221,"column":null}},{"start":{},"end":{}}],"line":209}},"s":{"0":5,"1":5,"2":5,"3":5,"4":5,"5":40,"6":5,"7":5,"8":5,"9":3,"10":5,"11":5,"12":3,"13":5,"14":1,"15":4,"16":1,"17":3,"18":1,"19":0,"20":0,"21":0,"22":0,"23":0,"24":0,"25":5,"26":5,"27":5,"28":5,"29":1,"30":3,"31":3,"32":0,"33":0,"34":0,"35":0,"36":0,"37":0,"38":0,"39":3,"40":3,"41":18,"42":18,"43":3,"44":0,"45":3},"f":{"0":5,"1":0,"2":5,"3":3},"b":{"0":[3,2],"1":[5,5,3],"2":[3,2],"3":[1,4],"4":[1,3],"5":[0,0],"6":[0,0],"7":[0,0],"8":[1,4],"9":[0,0],"10":[18,0],"11":[0,3]},"meta":{"lastBranch":12,"lastFunction":4,"lastStatement":46,"seen":{"f:7:9:7:28":0,"s:10:14:10:Infinity":0,"s:13:2:13:Infinity":1,"s:14:2:14:Infinity":2,"s:17:28:26:Infinity":3,"s:28:2:30:Infinity":4,"s:29:4:29:Infinity":5,"s:33:21:33:Infinity":6,"s:34:20:34:Infinity":7,"b:36:2:39:Infinity:undefined:undefined:undefined:undefined":0,"s:36:2:39:Infinity":8,"b:36:6:36:27:36:27:36:47:36:47:36:71":1,"s:37:4:37:Infinity":9,"s:42:26:42:Infinity":10,"b:43:2:45:Infinity:undefined:undefined:undefined:undefined":2,"s:43:2:45:Infinity":11,"s:44:4:44:Infinity":12,"b:48:2:50:Infinity:undefined:undefined:undefined:undefined":3,"s:48:2:50:Infinity":13,"s:49:4:49:Infinity":14,"b:51:2:53:Infinity:undefined:undefined:undefined:undefined":4,"s:51:2:53:Infinity":15,"s:52:4:52:Infinity":16,"s:59:2:59:Infinity":17,"s:63:24:135:Infinity":18,"f:137:9:137:23":1,"s:138:14:138:Infinity":19,"b:140:2:145:Infinity:undefined:undefined:undefined:undefined":5,"s:140:2:145:Infinity":20,"b:140:6:140:30:140:30:140:52":6,"b:141:4:143:Infinity:undefined:undefined:undefined:undefined":7,"s:141:4:143:Infinity":21,"s:142:6:142:Infinity":22,"s:144:4:144:Infinity":23,"s:147:2:147:Infinity":24,"f:150:16:150:31":2,"s:156:20:156:Infinity":25,"s:158:2:194:Infinity":26,"s:159:19:159:Infinity":27,"b:163:4:166:Infinity:undefined:undefined:undefined:undefined":8,"s:163:4:166:Infinity":28,"s:165:6:165:Infinity":29,"s:169:23:169:Infinity":30,"s:174:4:174:Infinity":31,"s:180:4:193:Infinity":32,"s:181:23:181:Infinity":33,"s:182:21:182:Infinity":34,"b:185:6:187:Infinity:undefined:undefined:undefined:undefined":9,"s:185:6:187:Infinity":35,"s:186:8:186:Infinity":36,"s:189:6:189:Infinity":37,"s:192:6:192:Infinity":38,"f:197:9:197:30":3,"s:198:17:198:Infinity":39,"s:201:2:206:Infinity":40,"b:202:4:205:Infinity:undefined:undefined:undefined:undefined":10,"s:202:4:205:Infinity":41,"s:204:6:204:Infinity":42,"b:209:2:221:Infinity:undefined:undefined:undefined:undefined":11,"s:209:2:221:Infinity":43,"s:211:4:211:Infinity":44,"s:223:2:223:Infinity":45}}}
,"C:\\Users\\Gabriel Machado\\Documents\\velura-ai-platform\\src\\features\\projects\\hooks\\useRealtimeProject.ts": {"path":"C:\\Users\\Gabriel Machado\\Documents\\velura-ai-platform\\src\\features\\projects\\hooks\\useRealtimeProject.ts","statementMap":{"0":{"start":{"line":8,"column":28},"end":{"line":8,"column":null}},"1":{"start":{"line":12,"column":31},"end":{"line":12,"column":null}},"2":{"start":{"line":14,"column":34},"end":{"line":181,"column":null}},"3":{"start":{"line":15,"column":8},"end":{"line":15,"column":null}},"4":{"start":{"line":15,"column":48},"end":{"line":15,"column":64}},"5":{"start":{"line":16,"column":8},"end":{"line":16,"column":null}},"6":{"start":{"line":16,"column":49},"end":{"line":16,"column":66}},"7":{"start":{"line":17,"column":8},"end":{"line":17,"column":null}},"8":{"start":{"line":17,"column":44},"end":{"line":17,"column":56}},"9":{"start":{"line":18,"column":8},"end":{"line":18,"column":null}},"10":{"start":{"line":18,"column":57},"end":{"line":18,"column":82}},"11":{"start":{"line":19,"column":8},"end":{"line":19,"column":null}},"12":{"start":{"line":19,"column":46},"end":{"line":19,"column":60}},"13":{"start":{"line":21,"column":8},"end":{"line":21,"column":null}},"14":{"start":{"line":23,"column":8},"end":{"line":69,"column":null}},"15":{"start":{"line":30,"column":6},"end":{"line":66,"column":null}},"16":{"start":{"line":32,"column":8},"end":{"line":32,"column":null}},"17":{"start":{"line":33,"column":8},"end":{"line":33,"column":null}},"18":{"start":{"line":34,"column":8},"end":{"line":34,"column":null}},"19":{"start":{"line":35,"column":8},"end":{"line":35,"column":null}},"20":{"start":{"line":40,"column":8},"end":{"line":43,"column":null}},"21":{"start":{"line":44,"column":6},"end":{"line":66,"column":null}},"22":{"start":{"line":46,"column":8},"end":{"line":46,"column":null}},"23":{"start":{"line":47,"column":8},"end":{"line":47,"column":null}},"24":{"start":{"line":48,"column":8},"end":{"line":48,"column":null}},"25":{"start":{"line":53,"column":8},"end":{"line":57,"column":null}},"26":{"start":{"line":58,"column":6},"end":{"line":66,"column":null}},"27":{"start":{"line":59,"column":8},"end":{"line":61,"column":null}},"28":{"start":{"line":60,"column":10},"end":{"line":60,"column":null}},"29":{"start":{"line":62,"column":8},"end":{"line":65,"column":null}},"30":{"start":{"line":64,"column":10},"end":{"line":64,"column":null}},"31":{"start":{"line":72,"column":2},"end":{"line":114,"column":null}},"32":{"start":{"line":73,"column":4},"end":{"line":73,"column":null}},"33":{"start":{"line":73,"column":20},"end":{"line":73,"column":null}},"34":{"start":{"line":75,"column":20},"end":{"line":75,"column":null}},"35":{"start":{"line":76,"column":62},"end":{"line":76,"column":null}},"36":{"start":{"line":79,"column":18},"end":{"line":99,"column":null}},"37":{"start":{"line":80,"column":6},"end":{"line":80,"column":null}},"38":{"start":{"line":80,"column":22},"end":{"line":80,"column":null}},"39":{"start":{"line":82,"column":6},"end":{"line":98,"column":null}},"40":{"start":{"line":93,"column":12},"end":{"line":93,"column":null}},"41":{"start":{"line":93,"column":28},"end":{"line":93,"column":null}},"42":{"start":{"line":94,"column":28},"end":{"line":94,"column":null}},"43":{"start":{"line":95,"column":12},"end":{"line":95,"column":null}},"44":{"start":{"line":101,"column":4},"end":{"line":113,"column":null}},"45":{"start":{"line":102,"column":6},"end":{"line":102,"column":null}},"46":{"start":{"line":103,"column":6},"end":{"line":103,"column":null}},"47":{"start":{"line":105,"column":6},"end":{"line":112,"column":null}},"48":{"start":{"line":107,"column":8},"end":{"line":111,"column":null}},"49":{"start":{"line":108,"column":10},"end":{"line":110,"column":null}},"50":{"start":{"line":117,"column":2},"end":{"line":180,"column":null}},"51":{"start":{"line":118,"column":4},"end":{"line":118,"column":null}},"52":{"start":{"line":118,"column":20},"end":{"line":118,"column":null}},"53":{"start":{"line":120,"column":23},"end":{"line":172,"column":null}},"54":{"start":{"line":121,"column":30},"end":{"line":125,"column":null}},"55":{"start":{"line":127,"column":6},"end":{"line":127,"column":null}},"56":{"start":{"line":127,"column":26},"end":{"line":127,"column":null}},"57":{"start":{"line":129,"column":6},"end":{"line":138,"column":null}},"58":{"start":{"line":130,"column":8},"end":{"line":130,"column":null}},"59":{"start":{"line":130,"column":27},"end":{"line":130,"column":null}},"60":{"start":{"line":131,"column":8},"end":{"line":131,"column":null}},"61":{"start":{"line":131,"column":49},"end":{"line":131,"column":null}},"62":{"start":{"line":133,"column":8},"end":{"line":136,"column":null}},"63":{"start":{"line":137,"column":8},"end":{"line":137,"column":null}},"64":{"start":{"line":141,"column":6},"end":{"line":171,"column":null}},"65":{"start":{"line":142,"column":24},"end":{"line":142,"column":null}},"66":{"start":{"line":145,"column":8},"end":{"line":147,"column":null}},"67":{"start":{"line":149,"column":8},"end":{"line":170,"column":null}},"68":{"start":{"line":152,"column":10},"end":{"line":159,"column":null}},"69":{"start":{"line":161,"column":10},"end":{"line":161,"column":null}},"70":{"start":{"line":162,"column":10},"end":{"line":162,"column":null}},"71":{"start":{"line":163,"column":10},"end":{"line":163,"column":null}},"72":{"start":{"line":165,"column":10},"end":{"line":169,"column":null}},"73":{"start":{"line":174,"column":4},"end":{"line":174,"column":null}},"74":{"start":{"line":174,"column":23},"end":{"line":174,"column":null}},"75":{"start":{"line":176,"column":23},"end":{"line":176,"column":null}},"76":{"start":{"line":177,"column":4},"end":{"line":177,"column":null}},"77":{"start":{"line":179,"column":4},"end":{"line":179,"column":null}},"78":{"start":{"line":179,"column":17},"end":{"line":179,"column":null}},"79":{"start":{"line":184,"column":35},"end":{"line":252,"column":null}},"80":{"start":{"line":185,"column":8},"end":{"line":185,"column":null}},"81":{"start":{"line":185,"column":48},"end":{"line":185,"column":64}},"82":{"start":{"line":187,"column":2},"end":{"line":251,"column":null}},"83":{"start":{"line":188,"column":4},"end":{"line":188,"column":null}},"84":{"start":{"line":188,"column":20},"end":{"line":188,"column":null}},"85":{"start":{"line":190,"column":20},"end":{"line":190,"column":null}},"86":{"start":{"line":191,"column":62},"end":{"line":191,"column":null}},"87":{"start":{"line":194,"column":18},"end":{"line":236,"column":null}},"88":{"start":{"line":195,"column":6},"end":{"line":195,"column":null}},"89":{"start":{"line":195,"column":22},"end":{"line":195,"column":null}},"90":{"start":{"line":197,"column":6},"end":{"line":235,"column":null}},"91":{"start":{"line":212,"column":12},"end":{"line":212,"column":null}},"92":{"start":{"line":212,"column":28},"end":{"line":212,"column":null}},"93":{"start":{"line":214,"column":27},"end":{"line":214,"column":null}},"94":{"start":{"line":224,"column":12},"end":{"line":232,"column":null}},"95":{"start":{"line":225,"column":14},"end":{"line":229,"column":null}},"96":{"start":{"line":238,"column":4},"end":{"line":250,"column":null}},"97":{"start":{"line":239,"column":6},"end":{"line":239,"column":null}},"98":{"start":{"line":240,"column":6},"end":{"line":240,"column":null}},"99":{"start":{"line":242,"column":6},"end":{"line":249,"column":null}},"100":{"start":{"line":244,"column":8},"end":{"line":248,"column":null}},"101":{"start":{"line":245,"column":10},"end":{"line":247,"column":null}}},"fnMap":{"0":{"name":"(anonymous_0)","decl":{"start":{"line":14,"column":34},"end":{"line":14,"column":35}},"loc":{"start":{"line":14,"column":64},"end":{"line":181,"column":null}},"line":14},"1":{"name":"(anonymous_1)","decl":{"start":{"line":15,"column":41},"end":{"line":15,"column":42}},"loc":{"start":{"line":15,"column":48},"end":{"line":15,"column":64}},"line":15},"2":{"name":"(anonymous_2)","decl":{"start":{"line":16,"column":42},"end":{"line":16,"column":43}},"loc":{"start":{"line":16,"column":49},"end":{"line":16,"column":66}},"line":16},"3":{"name":"(anonymous_3)","decl":{"start":{"line":17,"column":37},"end":{"line":17,"column":38}},"loc":{"start":{"line":17,"column":44},"end":{"line":17,"column":56}},"line":17},"4":{"name":"(anonymous_4)","decl":{"start":{"line":18,"column":50},"end":{"line":18,"column":51}},"loc":{"start":{"line":18,"column":57},"end":{"line":18,"column":82}},"line":18},"5":{"name":"(anonymous_5)","decl":{"start":{"line":19,"column":39},"end":{"line":19,"column":40}},"loc":{"start":{"line":19,"column":46},"end":{"line":19,"column":60}},"line":19},"6":{"name":"(anonymous_6)","decl":{"start":{"line":24,"column":4},"end":{"line":24,"column":11}},"loc":{"start":{"line":29,"column":10},"end":{"line":67,"column":null}},"line":29},"7":{"name":"(anonymous_7)","decl":{"start":{"line":72,"column":12},"end":{"line":72,"column":18}},"loc":{"start":{"line":72,"column":18},"end":{"line":114,"column":5}},"line":72},"8":{"name":"(anonymous_8)","decl":{"start":{"line":79,"column":29},"end":{"line":79,"column":35}},"loc":{"start":{"line":79,"column":35},"end":{"line":99,"column":7}},"line":79},"9":{"name":"(anonymous_9)","decl":{"start":{"line":92,"column":10},"end":{"line":92,"column":11}},"loc":{"start":{"line":92,"column":23},"end":{"line":96,"column":null}},"line":92},"10":{"name":"(anonymous_10)","decl":{"start":{"line":101,"column":11},"end":{"line":101,"column":17}},"loc":{"start":{"line":101,"column":17},"end":{"line":113,"column":null}},"line":101},"11":{"name":"(anonymous_11)","decl":{"start":{"line":107,"column":19},"end":{"line":107,"column":25}},"loc":{"start":{"line":107,"column":25},"end":{"line":111,"column":11}},"line":107},"12":{"name":"(anonymous_12)","decl":{"start":{"line":108,"column":49},"end":{"line":108,"column":55}},"loc":{"start":{"line":108,"column":55},"end":{"line":110,"column":11}},"line":108},"13":{"name":"(anonymous_13)","decl":{"start":{"line":117,"column":12},"end":{"line":117,"column":18}},"loc":{"start":{"line":117,"column":18},"end":{"line":180,"column":5}},"line":117},"14":{"name":"(anonymous_14)","decl":{"start":{"line":120,"column":23},"end":{"line":120,"column":35}},"loc":{"start":{"line":120,"column":35},"end":{"line":172,"column":null}},"line":120},"15":{"name":"(anonymous_15)","decl":{"start":{"line":179,"column":11},"end":{"line":179,"column":17}},"loc":{"start":{"line":179,"column":17},"end":{"line":179,"column":null}},"line":179},"16":{"name":"(anonymous_16)","decl":{"start":{"line":184,"column":35},"end":{"line":184,"column":36}},"loc":{"start":{"line":184,"column":65},"end":{"line":252,"column":null}},"line":184},"17":{"name":"(anonymous_17)","decl":{"start":{"line":185,"column":37},"end":{"line":185,"column":38}},"loc":{"start":{"line":185,"column":48},"end":{"line":185,"column":64}},"line":185},"18":{"name":"(anonymous_18)","decl":{"start":{"line":187,"column":12},"end":{"line":187,"column":18}},"loc":{"start":{"line":187,"column":18},"end":{"line":251,"column":5}},"line":187},"19":{"name":"(anonymous_19)","decl":{"start":{"line":194,"column":29},"end":{"line":194,"column":35}},"loc":{"start":{"line":194,"column":35},"end":{"line":236,"column":7}},"line":194},"20":{"name":"(anonymous_20)","decl":{"start":{"line":211,"column":10},"end":{"line":211,"column":11}},"loc":{"start":{"line":211,"column":23},"end":{"line":233,"column":null}},"line":211},"21":{"name":"(anonymous_21)","decl":{"start":{"line":238,"column":11},"end":{"line":238,"column":17}},"loc":{"start":{"line":238,"column":17},"end":{"line":250,"column":null}},"line":238},"22":{"name":"(anonymous_22)","decl":{"start":{"line":244,"column":19},"end":{"line":244,"column":25}},"loc":{"start":{"line":244,"column":25},"end":{"line":248,"column":11}},"line":244},"23":{"name":"(anonymous_23)","decl":{"start":{"line":245,"column":49},"end":{"line":245,"column":55}},"loc":{"start":{"line":245,"column":55},"end":{"line":247,"column":11}},"line":245}},"branchMap":{"0":{"loc":{"start":{"line":30,"column":6},"end":{"line":66,"column":null}},"type":"if","locations":[{"start":{"line":30,"column":6},"end":{"line":66,"column":null}},{"start":{"line":44,"column":6},"end":{"line":66,"column":null}}],"line":30},"1":{"loc":{"start":{"line":30,"column":10},"end":{"line":30,"column":60}},"type":"binary-expr","locations":[{"start":{"line":30,"column":10},"end":{"line":30,"column":41}},{"start":{"line":30,"column":41},"end":{"line":30,"column":60}}],"line":30},"2":{"loc":{"start":{"line":44,"column":6},"end":{"line":66,"column":null}},"type":"if","locations":[{"start":{"line":44,"column":6},"end":{"line":66,"column":null}},{"start":{"line":58,"column":6},"end":{"line":66,"column":null}}],"line":44},"3":{"loc":{"start":{"line":55,"column":23},"end":{"line":55,"column":null}},"type":"binary-expr","locations":[{"start":{"line":55,"column":23},"end":{"line":55,"column":45}},{"start":{"line":55,"column":45},"end":{"line":55,"column":null}}],"line":55},"4":{"loc":{"start":{"line":58,"column":6},"end":{"line":66,"column":null}},"type":"if","locations":[{"start":{"line":58,"column":6},"end":{"line":66,"column":null}},{"start":{},"end":{}}],"line":58},"5":{"loc":{"start":{"line":59,"column":8},"end":{"line":61,"column":null}},"type":"if","locations":[{"start":{"line":59,"column":8},"end":{"line":61,"column":null}},{"start":{},"end":{}}],"line":59},"6":{"loc":{"start":{"line":62,"column":8},"end":{"line":65,"column":null}},"type":"if","locations":[{"start":{"line":62,"column":8},"end":{"line":65,"column":null}},{"start":{},"end":{}}],"line":62},"7":{"loc":{"start":{"line":73,"column":4},"end":{"line":73,"column":null}},"type":"if","locations":[{"start":{"line":73,"column":4},"end":{"line":73,"column":null}},{"start":{},"end":{}}],"line":73},"8":{"loc":{"start":{"line":80,"column":6},"end":{"line":80,"column":null}},"type":"if","locations":[{"start":{"line":80,"column":6},"end":{"line":80,"column":null}},{"start":{},"end":{}}],"line":80},"9":{"loc":{"start":{"line":93,"column":12},"end":{"line":93,"column":null}},"type":"if","locations":[{"start":{"line":93,"column":12},"end":{"line":93,"column":null}},{"start":{},"end":{}}],"line":93},"10":{"loc":{"start":{"line":105,"column":6},"end":{"line":112,"column":null}},"type":"if","locations":[{"start":{"line":105,"column":6},"end":{"line":112,"column":null}},{"start":{},"end":{}}],"line":105},"11":{"loc":{"start":{"line":118,"column":4},"end":{"line":118,"column":null}},"type":"if","locations":[{"start":{"line":118,"column":4},"end":{"line":118,"column":null}},{"start":{},"end":{}}],"line":118},"12":{"loc":{"start":{"line":127,"column":6},"end":{"line":127,"column":null}},"type":"if","locations":[{"start":{"line":127,"column":6},"end":{"line":127,"column":null}},{"start":{},"end":{}}],"line":127},"13":{"loc":{"start":{"line":127,"column":10},"end":{"line":127,"column":26}},"type":"binary-expr","locations":[{"start":{"line":127,"column":10},"end":{"line":127,"column":19}},{"start":{"line":127,"column":19},"end":{"line":127,"column":26}}],"line":127},"14":{"loc":{"start":{"line":129,"column":6},"end":{"line":138,"column":null}},"type":"if","locations":[{"start":{"line":129,"column":6},"end":{"line":138,"column":null}},{"start":{"line":132,"column":13},"end":{"line":138,"column":null}}],"line":129},"15":{"loc":{"start":{"line":130,"column":8},"end":{"line":130,"column":null}},"type":"if","locations":[{"start":{"line":130,"column":8},"end":{"line":130,"column":null}},{"start":{},"end":{}}],"line":130},"16":{"loc":{"start":{"line":131,"column":8},"end":{"line":131,"column":null}},"type":"if","locations":[{"start":{"line":131,"column":8},"end":{"line":131,"column":null}},{"start":{},"end":{}}],"line":131},"17":{"loc":{"start":{"line":141,"column":6},"end":{"line":171,"column":null}},"type":"if","locations":[{"start":{"line":141,"column":6},"end":{"line":171,"column":null}},{"start":{},"end":{}}],"line":141},"18":{"loc":{"start":{"line":145,"column":8},"end":{"line":147,"column":null}},"type":"if","locations":[{"start":{"line":145,"column":8},"end":{"line":147,"column":null}},{"start":{},"end":{}}],"line":145},"19":{"loc":{"start":{"line":149,"column":8},"end":{"line":170,"column":null}},"type":"if","locations":[{"start":{"line":149,"column":8},"end":{"line":170,"column":null}},{"start":{},"end":{}}],"line":149},"20":{"loc":{"start":{"line":174,"column":4},"end":{"line":174,"column":null}},"type":"if","locations":[{"start":{"line":174,"column":4},"end":{"line":174,"column":null}},{"start":{},"end":{}}],"line":174},"21":{"loc":{"start":{"line":188,"column":4},"end":{"line":188,"column":null}},"type":"if","locations":[{"start":{"line":188,"column":4},"end":{"line":188,"column":null}},{"start":{},"end":{}}],"line":188},"22":{"loc":{"start":{"line":195,"column":6},"end":{"line":195,"column":null}},"type":"if","locations":[{"start":{"line":195,"column":6},"end":{"line":195,"column":null}},{"start":{},"end":{}}],"line":195},"23":{"loc":{"start":{"line":212,"column":12},"end":{"line":212,"column":null}},"type":"if","locations":[{"start":{"line":212,"column":12},"end":{"line":212,"column":null}},{"start":{},"end":{}}],"line":212},"24":{"loc":{"start":{"line":242,"column":6},"end":{"line":249,"column":null}},"type":"if","locations":[{"start":{"line":242,"column":6},"end":{"line":249,"column":null}},{"start":{},"end":{}}],"line":242}},"s":{"0":1,"1":1,"2":1,"3":1,"4":3,"5":1,"6":3,"7":1,"8":3,"9":1,"10":3,"11":1,"12":3,"13":1,"14":1,"15":0,"16":0,"17":0,"18":0,"19":0,"20":0,"21":0,"22":0,"23":0,"24":0,"25":0,"26":0,"27":0,"28":0,"29":0,"30":0,"31":1,"32":1,"33":1,"34":0,"35":0,"36":0,"37":0,"38":0,"39":0,"40":0,"41":0,"42":0,"43":0,"44":0,"45":0,"46":0,"47":0,"48":0,"49":0,"50":1,"51":1,"52":1,"53":0,"54":0,"55":0,"56":0,"57":0,"58":0,"59":0,"60":0,"61":0,"62":0,"63":0,"64":0,"65":0,"66":0,"67":0,"68":0,"69":0,"70":0,"71":0,"72":0,"73":0,"74":0,"75":0,"76":0,"77":0,"78":0,"79":1,"80":0,"81":0,"82":0,"83":0,"84":0,"85":0,"86":0,"87":0,"88":0,"89":0,"90":0,"91":0,"92":0,"93":0,"94":0,"95":0,"96":0,"97":0,"98":0,"99":0,"100":0,"101":0},"f":{"0":1,"1":3,"2":3,"3":3,"4":3,"5":3,"6":0,"7":1,"8":0,"9":0,"10":0,"11":0,"12":0,"13":1,"14":0,"15":0,"16":0,"17":0,"18":0,"19":0,"20":0,"21":0,"22":0,"23":0},"b":{"0":[0,0],"1":[0,0],"2":[0,0],"3":[0,0],"4":[0,0],"5":[0,0],"6":[0,0],"7":[1,0],"8":[0,0],"9":[0,0],"10":[0,0],"11":[1,0],"12":[0,0],"13":[0,0],"14":[0,0],"15":[0,0],"16":[0,0],"17":[0,0],"18":[0,0],"19":[0,0],"20":[0,0],"21":[0,0],"22":[0,0],"23":[0,0],"24":[0,0]},"meta":{"lastBranch":25,"lastFunction":24,"lastStatement":102,"seen":{"s:8:28:8:Infinity":0,"s:12:31:12:Infinity":1,"s:14:34:181:Infinity":2,"f:14:34:14:35":0,"s:15:8:15:Infinity":3,"f:15:41:15:42":1,"s:15:48:15:64":4,"s:16:8:16:Infinity":5,"f:16:42:16:43":2,"s:16:49:16:66":6,"s:17:8:17:Infinity":7,"f:17:37:17:38":3,"s:17:44:17:56":8,"s:18:8:18:Infinity":9,"f:18:50:18:51":4,"s:18:57:18:82":10,"s:19:8:19:Infinity":11,"f:19:39:19:40":5,"s:19:46:19:60":12,"s:21:8:21:Infinity":13,"s:23:8:69:Infinity":14,"f:24:4:24:11":6,"b:30:6:66:Infinity:44:6:66:Infinity":0,"s:30:6:66:Infinity":15,"b:30:10:30:41:30:41:30:60":1,"s:32:8:32:Infinity":16,"s:33:8:33:Infinity":17,"s:34:8:34:Infinity":18,"s:35:8:35:Infinity":19,"s:40:8:43:Infinity":20,"b:44:6:66:Infinity:58:6:66:Infinity":2,"s:44:6:66:Infinity":21,"s:46:8:46:Infinity":22,"s:47:8:47:Infinity":23,"s:48:8:48:Infinity":24,"s:53:8:57:Infinity":25,"b:55:23:55:45:55:45:55:Infinity":3,"b:58:6:66:Infinity:undefined:undefined:undefined:undefined":4,"s:58:6:66:Infinity":26,"b:59:8:61:Infinity:undefined:undefined:undefined:undefined":5,"s:59:8:61:Infinity":27,"s:60:10:60:Infinity":28,"b:62:8:65:Infinity:undefined:undefined:undefined:undefined":6,"s:62:8:65:Infinity":29,"s:64:10:64:Infinity":30,"s:72:2:114:Infinity":31,"f:72:12:72:18":7,"b:73:4:73:Infinity:undefined:undefined:undefined:undefined":7,"s:73:4:73:Infinity":32,"s:73:20:73:Infinity":33,"s:75:20:75:Infinity":34,"s:76:62:76:Infinity":35,"s:79:18:99:Infinity":36,"f:79:29:79:35":8,"b:80:6:80:Infinity:undefined:undefined:undefined:undefined":8,"s:80:6:80:Infinity":37,"s:80:22:80:Infinity":38,"s:82:6:98:Infinity":39,"f:92:10:92:11":9,"b:93:12:93:Infinity:undefined:undefined:undefined:undefined":9,"s:93:12:93:Infinity":40,"s:93:28:93:Infinity":41,"s:94:28:94:Infinity":42,"s:95:12:95:Infinity":43,"s:101:4:113:Infinity":44,"f:101:11:101:17":10,"s:102:6:102:Infinity":45,"s:103:6:103:Infinity":46,"b:105:6:112:Infinity:undefined:undefined:undefined:undefined":10,"s:105:6:112:Infinity":47,"s:107:8:111:Infinity":48,"f:107:19:107:25":11,"s:108:10:110:Infinity":49,"f:108:49:108:55":12,"s:117:2:180:Infinity":50,"f:117:12:117:18":13,"b:118:4:118:Infinity:undefined:undefined:undefined:undefined":11,"s:118:4:118:Infinity":51,"s:118:20:118:Infinity":52,"s:120:23:172:Infinity":53,"f:120:23:120:35":14,"s:121:30:125:Infinity":54,"b:127:6:127:Infinity:undefined:undefined:undefined:undefined":12,"s:127:6:127:Infinity":55,"b:127:10:127:19:127:19:127:26":13,"s:127:26:127:Infinity":56,"b:129:6:138:Infinity:132:13:138:Infinity":14,"s:129:6:138:Infinity":57,"b:130:8:130:Infinity:undefined:undefined:undefined:undefined":15,"s:130:8:130:Infinity":58,"s:130:27:130:Infinity":59,"b:131:8:131:Infinity:undefined:undefined:undefined:undefined":16,"s:131:8:131:Infinity":60,"s:131:49:131:Infinity":61,"s:133:8:136:Infinity":62,"s:137:8:137:Infinity":63,"b:141:6:171:Infinity:undefined:undefined:undefined:undefined":17,"s:141:6:171:Infinity":64,"s:142:24:142:Infinity":65,"b:145:8:147:Infinity:undefined:undefined:undefined:undefined":18,"s:145:8:147:Infinity":66,"b:149:8:170:Infinity:undefined:undefined:undefined:undefined":19,"s:149:8:170:Infinity":67,"s:152:10:159:Infinity":68,"s:161:10:161:Infinity":69,"s:162:10:162:Infinity":70,"s:163:10:163:Infinity":71,"s:165:10:169:Infinity":72,"b:174:4:174:Infinity:undefined:undefined:undefined:undefined":20,"s:174:4:174:Infinity":73,"s:174:23:174:Infinity":74,"s:176:23:176:Infinity":75,"s:177:4:177:Infinity":76,"s:179:4:179:Infinity":77,"f:179:11:179:17":15,"s:179:17:179:Infinity":78,"s:184:35:252:Infinity":79,"f:184:35:184:36":16,"s:185:8:185:Infinity":80,"f:185:37:185:38":17,"s:185:48:185:64":81,"s:187:2:251:Infinity":82,"f:187:12:187:18":18,"b:188:4:188:Infinity:undefined:undefined:undefined:undefined":21,"s:188:4:188:Infinity":83,"s:188:20:188:Infinity":84,"s:190:20:190:Infinity":85,"s:191:62:191:Infinity":86,"s:194:18:236:Infinity":87,"f:194:29:194:35":19,"b:195:6:195:Infinity:undefined:undefined:undefined:undefined":22,"s:195:6:195:Infinity":88,"s:195:22:195:Infinity":89,"s:197:6:235:Infinity":90,"f:211:10:211:11":20,"b:212:12:212:Infinity:undefined:undefined:undefined:undefined":23,"s:212:12:212:Infinity":91,"s:212:28:212:Infinity":92,"s:214:27:214:Infinity":93,"s:224:12:232:Infinity":94,"s:225:14:229:Infinity":95,"s:238:4:250:Infinity":96,"f:238:11:238:17":21,"s:239:6:239:Infinity":97,"s:240:6:240:Infinity":98,"b:242:6:249:Infinity:undefined:undefined:undefined:undefined":24,"s:242:6:249:Infinity":99,"s:244:8:248:Infinity":100,"f:244:19:244:25":22,"s:245:10:247:Infinity":101,"f:245:49:245:55":23}}}
,"C:\\Users\\Gabriel Machado\\Documents\\velura-ai-platform\\src\\features\\projects\\stores\\projectStore.ts": {"path":"C:\\Users\\Gabriel Machado\\Documents\\velura-ai-platform\\src\\features\\projects\\stores\\projectStore.ts","statementMap":{"0":{"start":{"line":39,"column":13},"end":{"line":91,"column":null}},"1":{"start":{"line":39,"column":62},"end":{"line":91,"column":2}},"2":{"start":{"line":46,"column":31},"end":{"line":46,"column":null}},"3":{"start":{"line":47,"column":29},"end":{"line":47,"column":null}},"4":{"start":{"line":48,"column":27},"end":{"line":74,"column":null}},"5":{"start":{"line":50,"column":4},"end":{"line":64,"column":null}},"6":{"start":{"line":51,"column":31},"end":{"line":53,"column":null}},"7":{"start":{"line":52,"column":8},"end":{"line":52,"column":null}},"8":{"start":{"line":56,"column":28},"end":{"line":56,"column":null}},"9":{"start":{"line":56,"column":55},"end":{"line":56,"column":74}},"10":{"start":{"line":57,"column":6},"end":{"line":60,"column":null}},"11":{"start":{"line":59,"column":8},"end":{"line":59,"column":null}},"12":{"start":{"line":63,"column":6},"end":{"line":63,"column":null}},"13":{"start":{"line":67,"column":26},"end":{"line":67,"column":null}},"14":{"start":{"line":67,"column":51},"end":{"line":67,"column":70}},"15":{"start":{"line":68,"column":4},"end":{"line":71,"column":null}},"16":{"start":{"line":70,"column":6},"end":{"line":70,"column":null}},"17":{"start":{"line":73,"column":4},"end":{"line":73,"column":null}},"18":{"start":{"line":75,"column":28},"end":{"line":75,"column":null}},"19":{"start":{"line":76,"column":37},"end":{"line":76,"column":null}},"20":{"start":{"line":78,"column":37},"end":{"line":80,"column":null}},"21":{"start":{"line":78,"column":53},"end":{"line":80,"column":4}},"22":{"start":{"line":81,"column":35},"end":{"line":83,"column":null}},"23":{"start":{"line":81,"column":51},"end":{"line":83,"column":4}},"24":{"start":{"line":82,"column":61},"end":{"line":82,"column":72}},"25":{"start":{"line":85,"column":20},"end":{"line":90,"column":null}}},"fnMap":{"0":{"name":"(anonymous_0)","decl":{"start":{"line":39,"column":52},"end":{"line":39,"column":53}},"loc":{"start":{"line":39,"column":62},"end":{"line":91,"column":2}},"line":39},"1":{"name":"(anonymous_1)","decl":{"start":{"line":46,"column":23},"end":{"line":46,"column":24}},"loc":{"start":{"line":46,"column":31},"end":{"line":46,"column":null}},"line":46},"2":{"name":"(anonymous_2)","decl":{"start":{"line":47,"column":15},"end":{"line":47,"column":16}},"loc":{"start":{"line":47,"column":29},"end":{"line":47,"column":null}},"line":47},"3":{"name":"(anonymous_3)","decl":{"start":{"line":48,"column":14},"end":{"line":48,"column":15}},"loc":{"start":{"line":48,"column":27},"end":{"line":74,"column":null}},"line":48},"4":{"name":"(anonymous_4)","decl":{"start":{"line":48,"column":31},"end":{"line":48,"column":32}},"loc":{"start":{"line":48,"column":42},"end":{"line":74,"column":3}},"line":48},"5":{"name":"(anonymous_5)","decl":{"start":{"line":51,"column":53},"end":{"line":51,"column":null}},"loc":{"start":{"line":52,"column":8},"end":{"line":52,"column":null}},"line":52},"6":{"name":"(anonymous_6)","decl":{"start":{"line":56,"column":50},"end":{"line":56,"column":55}},"loc":{"start":{"line":56,"column":55},"end":{"line":56,"column":74}},"line":56},"7":{"name":"(anonymous_7)","decl":{"start":{"line":67,"column":46},"end":{"line":67,"column":51}},"loc":{"start":{"line":67,"column":51},"end":{"line":67,"column":70}},"line":67},"8":{"name":"(anonymous_8)","decl":{"start":{"line":75,"column":18},"end":{"line":75,"column":19}},"loc":{"start":{"line":75,"column":28},"end":{"line":75,"column":null}},"line":75},"9":{"name":"(anonymous_9)","decl":{"start":{"line":76,"column":19},"end":{"line":76,"column":20}},"loc":{"start":{"line":76,"column":37},"end":{"line":76,"column":null}},"line":76},"10":{"name":"(anonymous_10)","decl":{"start":{"line":78,"column":24},"end":{"line":78,"column":25}},"loc":{"start":{"line":78,"column":37},"end":{"line":80,"column":null}},"line":78},"11":{"name":"(anonymous_11)","decl":{"start":{"line":78,"column":41},"end":{"line":78,"column":42}},"loc":{"start":{"line":78,"column":53},"end":{"line":80,"column":4}},"line":78},"12":{"name":"(anonymous_12)","decl":{"start":{"line":81,"column":27},"end":{"line":81,"column":28}},"loc":{"start":{"line":81,"column":35},"end":{"line":83,"column":null}},"line":81},"13":{"name":"(anonymous_13)","decl":{"start":{"line":81,"column":39},"end":{"line":81,"column":40}},"loc":{"start":{"line":81,"column":51},"end":{"line":83,"column":4}},"line":81},"14":{"name":"(anonymous_14)","decl":{"start":{"line":82,"column":56},"end":{"line":82,"column":61}},"loc":{"start":{"line":82,"column":61},"end":{"line":82,"column":72}},"line":82},"15":{"name":"(anonymous_15)","decl":{"start":{"line":85,"column":14},"end":{"line":85,"column":20}},"loc":{"start":{"line":85,"column":20},"end":{"line":90,"column":null}},"line":85}},"branchMap":{"0":{"loc":{"start":{"line":50,"column":4},"end":{"line":64,"column":null}},"type":"if","locations":[{"start":{"line":50,"column":4},"end":{"line":64,"column":null}},{"start":{},"end":{}}],"line":50},"1":{"loc":{"start":{"line":50,"column":8},"end":{"line":50,"column":85}},"type":"binary-expr","locations":[{"start":{"line":50,"column":8},"end":{"line":50,"column":43}},{"start":{"line":50,"column":43},"end":{"line":50,"column":85}}],"line":50},"2":{"loc":{"start":{"line":52,"column":8},"end":{"line":52,"column":null}},"type":"binary-expr","locations":[{"start":{"line":52,"column":8},"end":{"line":52,"column":37}},{"start":{"line":52,"column":37},"end":{"line":52,"column":null}}],"line":52},"3":{"loc":{"start":{"line":57,"column":6},"end":{"line":60,"column":null}},"type":"if","locations":[{"start":{"line":57,"column":6},"end":{"line":60,"column":null}},{"start":{},"end":{}}],"line":57},"4":{"loc":{"start":{"line":68,"column":4},"end":{"line":71,"column":null}},"type":"if","locations":[{"start":{"line":68,"column":4},"end":{"line":71,"column":null}},{"start":{},"end":{}}],"line":68}},"s":{"0":1,"1":1,"2":0,"3":0,"4":0,"5":0,"6":0,"7":0,"8":0,"9":0,"10":0,"11":0,"12":0,"13":0,"14":0,"15":0,"16":0,"17":0,"18":0,"19":0,"20":0,"21":0,"22":0,"23":0,"24":0,"25":0},"f":{"0":1,"1":0,"2":0,"3":0,"4":0,"5":0,"6":0,"7":0,"8":0,"9":0,"10":0,"11":0,"12":0,"13":0,"14":0,"15":0},"b":{"0":[0,0],"1":[0,0],"2":[0,0],"3":[0,0],"4":[0,0]},"meta":{"lastBranch":5,"lastFunction":16,"lastStatement":26,"seen":{"s:39:13:91:Infinity":0,"f:39:52:39:53":0,"s:39:62:91:2":1,"f:46:23:46:24":1,"s:46:31:46:Infinity":2,"f:47:15:47:16":2,"s:47:29:47:Infinity":3,"f:48:14:48:15":3,"s:48:27:74:Infinity":4,"f:48:31:48:32":4,"b:50:4:64:Infinity:undefined:undefined:undefined:undefined":0,"s:50:4:64:Infinity":5,"b:50:8:50:43:50:43:50:85":1,"s:51:31:53:Infinity":6,"f:51:53:51:Infinity":5,"s:52:8:52:Infinity":7,"b:52:8:52:37:52:37:52:Infinity":2,"s:56:28:56:Infinity":8,"f:56:50:56:55":6,"s:56:55:56:74":9,"b:57:6:60:Infinity:undefined:undefined:undefined:undefined":3,"s:57:6:60:Infinity":10,"s:59:8:59:Infinity":11,"s:63:6:63:Infinity":12,"s:67:26:67:Infinity":13,"f:67:46:67:51":7,"s:67:51:67:70":14,"b:68:4:71:Infinity:undefined:undefined:undefined:undefined":4,"s:68:4:71:Infinity":15,"s:70:6:70:Infinity":16,"s:73:4:73:Infinity":17,"f:75:18:75:19":8,"s:75:28:75:Infinity":18,"f:76:19:76:20":9,"s:76:37:76:Infinity":19,"f:78:24:78:25":10,"s:78:37:80:Infinity":20,"f:78:41:78:42":11,"s:78:53:80:4":21,"f:81:27:81:28":12,"s:81:35:83:Infinity":22,"f:81:39:81:40":13,"s:81:51:83:4":23,"f:82:56:82:61":14,"s:82:61:82:72":24,"f:85:14:85:20":15,"s:85:20:90:Infinity":25}}}
,"C:\\Users\\Gabriel Machado\\Documents\\velura-ai-platform\\src\\shared\\components\\ui\\button.tsx": {"path":"C:\\Users\\Gabriel Machado\\Documents\\velura-ai-platform\\src\\shared\\components\\ui\\button.tsx","statementMap":{"0":{"start":{"line":7,"column":6},"end":{"line":31,"column":null}},"1":{"start":{"line":39,"column":15},"end":{"line":44,"column":null}},"2":{"start":{"line":41,"column":17},"end":{"line":41,"column":null}},"3":{"start":{"line":42,"column":4},"end":{"line":42,"column":null}},"4":{"start":{"line":45,"column":0},"end":{"line":45,"column":null}}},"fnMap":{"0":{"name":"(anonymous_0)","decl":{"start":{"line":40,"column":2},"end":{"line":40,"column":3}},"loc":{"start":{"line":40,"column":68},"end":{"line":43,"column":null}},"line":40}},"branchMap":{"0":{"loc":{"start":{"line":40,"column":31},"end":{"line":40,"column":48}},"type":"default-arg","locations":[{"start":{"line":40,"column":41},"end":{"line":40,"column":48}}],"line":40},"1":{"loc":{"start":{"line":41,"column":17},"end":{"line":41,"column":null}},"type":"cond-expr","locations":[{"start":{"line":41,"column":27},"end":{"line":41,"column":34}},{"start":{"line":41,"column":34},"end":{"line":41,"column":null}}],"line":41}},"s":{"0":2,"1":2,"2":13,"3":13,"4":2},"f":{"0":13},"b":{"0":[13],"1":[0,13]},"meta":{"lastBranch":2,"lastFunction":1,"lastStatement":5,"seen":{"s:7:6:31:Infinity":0,"s:39:15:44:Infinity":1,"f:40:2:40:3":0,"b:40:41:40:48":0,"s:41:17:41:Infinity":2,"b:41:27:41:34:41:34:41:Infinity":1,"s:42:4:42:Infinity":3,"s:45:0:45:Infinity":4}}}
,"C:\\Users\\Gabriel Machado\\Documents\\velura-ai-platform\\src\\shared\\components\\ui\\textarea.tsx": {"path":"C:\\Users\\Gabriel Machado\\Documents\\velura-ai-platform\\src\\shared\\components\\ui\\textarea.tsx","statementMap":{"0":{"start":{"line":8,"column":17},"end":{"line":19,"column":null}},"1":{"start":{"line":9,"column":2},"end":{"line":17,"column":null}},"2":{"start":{"line":20,"column":0},"end":{"line":20,"column":null}}},"fnMap":{"0":{"name":"(anonymous_0)","decl":{"start":{"line":8,"column":70},"end":{"line":8,"column":71}},"loc":{"start":{"line":8,"column":104},"end":{"line":19,"column":1}},"line":8}},"branchMap":{},"s":{"0":1,"1":8,"2":1},"f":{"0":8},"b":{},"meta":{"lastBranch":0,"lastFunction":1,"lastStatement":3,"seen":{"s:8:17:19:Infinity":0,"f:8:70:8:71":0,"s:9:2:17:Infinity":1,"s:20:0:20:Infinity":2}}}
,"C:\\Users\\Gabriel Machado\\Documents\\velura-ai-platform\\src\\shared\\hooks\\use-toast.ts": {"path":"C:\\Users\\Gabriel Machado\\Documents\\velura-ai-platform\\src\\shared\\hooks\\use-toast.ts","statementMap":{"0":{"start":{"line":5,"column":20},"end":{"line":5,"column":null}},"1":{"start":{"line":6,"column":27},"end":{"line":6,"column":null}},"2":{"start":{"line":22,"column":12},"end":{"line":22,"column":null}},"3":{"start":{"line":25,"column":2},"end":{"line":25,"column":null}},"4":{"start":{"line":26,"column":2},"end":{"line":26,"column":null}},"5":{"start":{"line":51,"column":22},"end":{"line":51,"column":null}},"6":{"start":{"line":53,"column":25},"end":{"line":67,"column":null}},"7":{"start":{"line":54,"column":2},"end":{"line":56,"column":null}},"8":{"start":{"line":55,"column":4},"end":{"line":55,"column":null}},"9":{"start":{"line":58,"column":18},"end":{"line":64,"column":null}},"10":{"start":{"line":59,"column":4},"end":{"line":59,"column":null}},"11":{"start":{"line":60,"column":4},"end":{"line":63,"column":null}},"12":{"start":{"line":66,"column":2},"end":{"line":66,"column":null}},"13":{"start":{"line":69,"column":23},"end":{"line":120,"column":null}},"14":{"start":{"line":70,"column":2},"end":{"line":119,"column":null}},"15":{"start":{"line":72,"column":6},"end":{"line":75,"column":null}},"16":{"start":{"line":78,"column":6},"end":{"line":81,"column":null}},"17":{"start":{"line":80,"column":41},"end":{"line":80,"column":98}},"18":{"start":{"line":84,"column":26},"end":{"line":84,"column":null}},"19":{"start":{"line":88,"column":6},"end":{"line":94,"column":null}},"20":{"start":{"line":89,"column":8},"end":{"line":89,"column":null}},"21":{"start":{"line":91,"column":8},"end":{"line":93,"column":null}},"22":{"start":{"line":92,"column":10},"end":{"line":92,"column":null}},"23":{"start":{"line":96,"column":6},"end":{"line":106,"column":null}},"24":{"start":{"line":99,"column":10},"end":{"line":104,"column":null}},"25":{"start":{"line":109,"column":6},"end":{"line":114,"column":null}},"26":{"start":{"line":110,"column":8},"end":{"line":113,"column":null}},"27":{"start":{"line":115,"column":6},"end":{"line":118,"column":null}},"28":{"start":{"line":117,"column":43},"end":{"line":117,"column":66}},"29":{"start":{"line":122,"column":49},"end":{"line":122,"column":null}},"30":{"start":{"line":124,"column":25},"end":{"line":124,"column":null}},"31":{"start":{"line":127,"column":2},"end":{"line":127,"column":null}},"32":{"start":{"line":128,"column":2},"end":{"line":130,"column":null}},"33":{"start":{"line":129,"column":4},"end":{"line":129,"column":null}},"34":{"start":{"line":136,"column":13},"end":{"line":136,"column":null}},"35":{"start":{"line":138,"column":17},"end":{"line":142,"column":null}},"36":{"start":{"line":139,"column":4},"end":{"line":142,"column":null}},"37":{"start":{"line":143,"column":18},"end":{"line":143,"column":null}},"38":{"start":{"line":143,"column":24},"end":{"line":143,"column":null}},"39":{"start":{"line":145,"column":2},"end":{"line":155,"column":null}},"40":{"start":{"line":152,"column":8},"end":{"line":152,"column":null}},"41":{"start":{"line":152,"column":19},"end":{"line":152,"column":null}},"42":{"start":{"line":157,"column":2},"end":{"line":161,"column":null}},"43":{"start":{"line":165,"column":28},"end":{"line":165,"column":null}},"44":{"start":{"line":167,"column":2},"end":{"line":175,"column":null}},"45":{"start":{"line":168,"column":4},"end":{"line":168,"column":null}},"46":{"start":{"line":169,"column":4},"end":{"line":174,"column":null}},"47":{"start":{"line":170,"column":20},"end":{"line":170,"column":null}},"48":{"start":{"line":171,"column":6},"end":{"line":173,"column":null}},"49":{"start":{"line":172,"column":8},"end":{"line":172,"column":null}},"50":{"start":{"line":177,"column":2},"end":{"line":181,"column":null}},"51":{"start":{"line":180,"column":35},"end":{"line":180,"column":null}}},"fnMap":{"0":{"name":"genId","decl":{"start":{"line":24,"column":9},"end":{"line":24,"column":17}},"loc":{"start":{"line":24,"column":17},"end":{"line":27,"column":null}},"line":24},"1":{"name":"(anonymous_1)","decl":{"start":{"line":53,"column":25},"end":{"line":53,"column":26}},"loc":{"start":{"line":53,"column":46},"end":{"line":67,"column":null}},"line":53},"2":{"name":"(anonymous_2)","decl":{"start":{"line":58,"column":29},"end":{"line":58,"column":35}},"loc":{"start":{"line":58,"column":35},"end":{"line":64,"column":5}},"line":58},"3":{"name":"(anonymous_3)","decl":{"start":{"line":69,"column":23},"end":{"line":69,"column":24}},"loc":{"start":{"line":69,"column":64},"end":{"line":120,"column":null}},"line":69},"4":{"name":"(anonymous_4)","decl":{"start":{"line":80,"column":33},"end":{"line":80,"column":34}},"loc":{"start":{"line":80,"column":41},"end":{"line":80,"column":98}},"line":80},"5":{"name":"(anonymous_5)","decl":{"start":{"line":91,"column":29},"end":{"line":91,"column":30}},"loc":{"start":{"line":91,"column":40},"end":{"line":93,"column":9}},"line":91},"6":{"name":"(anonymous_6)","decl":{"start":{"line":98,"column":33},"end":{"line":98,"column":34}},"loc":{"start":{"line":99,"column":10},"end":{"line":104,"column":null}},"line":99},"7":{"name":"(anonymous_7)","decl":{"start":{"line":117,"column":36},"end":{"line":117,"column":37}},"loc":{"start":{"line":117,"column":43},"end":{"line":117,"column":66}},"line":117},"8":{"name":"dispatch","decl":{"start":{"line":126,"column":9},"end":{"line":126,"column":18}},"loc":{"start":{"line":126,"column":34},"end":{"line":131,"column":null}},"line":126},"9":{"name":"(anonymous_9)","decl":{"start":{"line":128,"column":20},"end":{"line":128,"column":21}},"loc":{"start":{"line":128,"column":34},"end":{"line":130,"column":3}},"line":128},"10":{"name":"toast","decl":{"start":{"line":135,"column":9},"end":{"line":135,"column":15}},"loc":{"start":{"line":135,"column":36},"end":{"line":162,"column":null}},"line":135},"11":{"name":"(anonymous_11)","decl":{"start":{"line":138,"column":17},"end":{"line":138,"column":18}},"loc":{"start":{"line":139,"column":4},"end":{"line":142,"column":null}},"line":139},"12":{"name":"(anonymous_12)","decl":{"start":{"line":143,"column":18},"end":{"line":143,"column":24}},"loc":{"start":{"line":143,"column":24},"end":{"line":143,"column":null}},"line":143},"13":{"name":"(anonymous_13)","decl":{"start":{"line":151,"column":20},"end":{"line":151,"column":21}},"loc":{"start":{"line":151,"column":30},"end":{"line":153,"column":null}},"line":151},"14":{"name":"useToast","decl":{"start":{"line":164,"column":9},"end":{"line":164,"column":20}},"loc":{"start":{"line":164,"column":20},"end":{"line":182,"column":null}},"line":164},"15":{"name":"(anonymous_15)","decl":{"start":{"line":167,"column":18},"end":{"line":167,"column":24}},"loc":{"start":{"line":167,"column":24},"end":{"line":175,"column":5}},"line":167},"16":{"name":"(anonymous_16)","decl":{"start":{"line":169,"column":11},"end":{"line":169,"column":17}},"loc":{"start":{"line":169,"column":17},"end":{"line":174,"column":null}},"line":169},"17":{"name":"(anonymous_17)","decl":{"start":{"line":180,"column":13},"end":{"line":180,"column":14}},"loc":{"start":{"line":180,"column":35},"end":{"line":180,"column":null}},"line":180}},"branchMap":{"0":{"loc":{"start":{"line":54,"column":2},"end":{"line":56,"column":null}},"type":"if","locations":[{"start":{"line":54,"column":2},"end":{"line":56,"column":null}},{"start":{},"end":{}}],"line":54},"1":{"loc":{"start":{"line":70,"column":2},"end":{"line":119,"column":null}},"type":"switch","locations":[{"start":{"line":71,"column":4},"end":{"line":75,"column":null}},{"start":{"line":77,"column":4},"end":{"line":81,"column":null}},{"start":{"line":83,"column":4},"end":{"line":107,"column":null}},{"start":{"line":108,"column":4},"end":{"line":118,"column":null}}],"line":70},"2":{"loc":{"start":{"line":80,"column":41},"end":{"line":80,"column":98}},"type":"cond-expr","locations":[{"start":{"line":80,"column":68},"end":{"line":80,"column":96}},{"start":{"line":80,"column":96},"end":{"line":80,"column":98}}],"line":80},"3":{"loc":{"start":{"line":88,"column":6},"end":{"line":94,"column":null}},"type":"if","locations":[{"start":{"line":88,"column":6},"end":{"line":94,"column":null}},{"start":{"line":90,"column":13},"end":{"line":94,"column":null}}],"line":88},"4":{"loc":{"start":{"line":99,"column":10},"end":{"line":104,"column":null}},"type":"cond-expr","locations":[{"start":{"line":100,"column":14},"end":{"line":103,"column":null}},{"start":{"line":104,"column":14},"end":{"line":104,"column":null}}],"line":99},"5":{"loc":{"start":{"line":99,"column":10},"end":{"line":99,"column":null}},"type":"binary-expr","locations":[{"start":{"line":99,"column":10},"end":{"line":99,"column":30}},{"start":{"line":99,"column":30},"end":{"line":99,"column":null}}],"line":99},"6":{"loc":{"start":{"line":109,"column":6},"end":{"line":114,"column":null}},"type":"if","locations":[{"start":{"line":109,"column":6},"end":{"line":114,"column":null}},{"start":{},"end":{}}],"line":109},"7":{"loc":{"start":{"line":152,"column":8},"end":{"line":152,"column":null}},"type":"if","locations":[{"start":{"line":152,"column":8},"end":{"line":152,"column":null}},{"start":{},"end":{}}],"line":152},"8":{"loc":{"start":{"line":171,"column":6},"end":{"line":173,"column":null}},"type":"if","locations":[{"start":{"line":171,"column":6},"end":{"line":173,"column":null}},{"start":{},"end":{}}],"line":171}},"s":{"0":3,"1":3,"2":3,"3":1,"4":1,"5":3,"6":3,"7":0,"8":0,"9":0,"10":0,"11":0,"12":0,"13":3,"14":1,"15":1,"16":0,"17":0,"18":0,"19":0,"20":0,"21":0,"22":0,"23":0,"24":0,"25":0,"26":0,"27":0,"28":0,"29":3,"30":3,"31":1,"32":1,"33":0,"34":1,"35":1,"36":0,"37":1,"38":0,"39":1,"40":0,"41":0,"42":1,"43":0,"44":0,"45":0,"46":0,"47":0,"48":0,"49":0,"50":0,"51":0},"f":{"0":1,"1":0,"2":0,"3":1,"4":0,"5":0,"6":0,"7":0,"8":1,"9":0,"10":1,"11":0,"12":0,"13":0,"14":0,"15":0,"16":0,"17":0},"b":{"0":[0,0],"1":[1,0,0,0],"2":[0,0],"3":[0,0],"4":[0,0],"5":[0,0],"6":[0,0],"7":[0,0],"8":[0,0]},"meta":{"lastBranch":9,"lastFunction":18,"lastStatement":52,"seen":{"s:5:20:5:Infinity":0,"s:6:27:6:Infinity":1,"s:22:12:22:Infinity":2,"f:24:9:24:17":0,"s:25:2:25:Infinity":3,"s:26:2:26:Infinity":4,"s:51:22:51:Infinity":5,"s:53:25:67:Infinity":6,"f:53:25:53:26":1,"b:54:2:56:Infinity:undefined:undefined:undefined:undefined":0,"s:54:2:56:Infinity":7,"s:55:4:55:Infinity":8,"s:58:18:64:Infinity":9,"f:58:29:58:35":2,"s:59:4:59:Infinity":10,"s:60:4:63:Infinity":11,"s:66:2:66:Infinity":12,"s:69:23:120:Infinity":13,"f:69:23:69:24":3,"b:71:4:75:Infinity:77:4:81:Infinity:83:4:107:Infinity:108:4:118:Infinity":1,"s:70:2:119:Infinity":14,"s:72:6:75:Infinity":15,"s:78:6:81:Infinity":16,"f:80:33:80:34":4,"s:80:41:80:98":17,"b:80:68:80:96:80:96:80:98":2,"s:84:26:84:Infinity":18,"b:88:6:94:Infinity:90:13:94:Infinity":3,"s:88:6:94:Infinity":19,"s:89:8:89:Infinity":20,"s:91:8:93:Infinity":21,"f:91:29:91:30":5,"s:92:10:92:Infinity":22,"s:96:6:106:Infinity":23,"f:98:33:98:34":6,"s:99:10:104:Infinity":24,"b:100:14:103:Infinity:104:14:104:Infinity":4,"b:99:10:99:30:99:30:99:Infinity":5,"b:109:6:114:Infinity:undefined:undefined:undefined:undefined":6,"s:109:6:114:Infinity":25,"s:110:8:113:Infinity":26,"s:115:6:118:Infinity":27,"f:117:36:117:37":7,"s:117:43:117:66":28,"s:122:49:122:Infinity":29,"s:124:25:124:Infinity":30,"f:126:9:126:18":8,"s:127:2:127:Infinity":31,"s:128:2:130:Infinity":32,"f:128:20:128:21":9,"s:129:4:129:Infinity":33,"f:135:9:135:15":10,"s:136:13:136:Infinity":34,"s:138:17:142:Infinity":35,"f:138:17:138:18":11,"s:139:4:142:Infinity":36,"s:143:18:143:Infinity":37,"f:143:18:143:24":12,"s:143:24:143:Infinity":38,"s:145:2:155:Infinity":39,"f:151:20:151:21":13,"b:152:8:152:Infinity:undefined:undefined:undefined:undefined":7,"s:152:8:152:Infinity":40,"s:152:19:152:Infinity":41,"s:157:2:161:Infinity":42,"f:164:9:164:20":14,"s:165:28:165:Infinity":43,"s:167:2:175:Infinity":44,"f:167:18:167:24":15,"s:168:4:168:Infinity":45,"s:169:4:174:Infinity":46,"f:169:11:169:17":16,"s:170:20:170:Infinity":47,"b:171:6:173:Infinity:undefined:undefined:undefined:undefined":8,"s:171:6:173:Infinity":48,"s:172:8:172:Infinity":49,"s:177:2:181:Infinity":50,"f:180:13:180:14":17,"s:180:35:180:Infinity":51}}}
,"C:\\Users\\Gabriel Machado\\Documents\\velura-ai-platform\\src\\shared\\lib\\errors.ts": {"path":"C:\\Users\\Gabriel Machado\\Documents\\velura-ai-platform\\src\\shared\\lib\\errors.ts","statementMap":{"0":{"start":{"line":6,"column":4},"end":{"line":6,"column":null}},"1":{"start":{"line":4,"column":11},"end":{"line":4,"column":null}},"2":{"start":{"line":7,"column":4},"end":{"line":7,"column":null}},"3":{"start":{"line":13,"column":4},"end":{"line":13,"column":null}},"4":{"start":{"line":14,"column":4},"end":{"line":14,"column":null}},"5":{"start":{"line":23,"column":4},"end":{"line":23,"column":null}},"6":{"start":{"line":21,"column":11},"end":{"line":21,"column":null}},"7":{"start":{"line":24,"column":4},"end":{"line":24,"column":null}}},"fnMap":{"0":{"name":"(anonymous_0)","decl":{"start":{"line":2,"column":2},"end":{"line":2,"column":null}},"loc":{"start":{"line":5,"column":4},"end":{"line":8,"column":null}},"line":5},"1":{"name":"(anonymous_1)","decl":{"start":{"line":12,"column":2},"end":{"line":12,"column":14}},"loc":{"start":{"line":12,"column":31},"end":{"line":15,"column":null}},"line":12},"2":{"name":"(anonymous_2)","decl":{"start":{"line":19,"column":2},"end":{"line":19,"column":null}},"loc":{"start":{"line":22,"column":4},"end":{"line":25,"column":null}},"line":22}},"branchMap":{},"s":{"0":2,"1":2,"2":2,"3":0,"4":0,"5":0,"6":0,"7":0},"f":{"0":2,"1":0,"2":0},"b":{},"meta":{"lastBranch":0,"lastFunction":3,"lastStatement":8,"seen":{"f:2:2:2:Infinity":0,"s:6:4:6:Infinity":0,"s:4:11:4:Infinity":1,"s:7:4:7:Infinity":2,"f:12:2:12:14":1,"s:13:4:13:Infinity":3,"s:14:4:14:Infinity":4,"f:19:2:19:Infinity":2,"s:23:4:23:Infinity":5,"s:21:11:21:Infinity":6,"s:24:4:24:Infinity":7}}}
,"C:\\Users\\Gabriel Machado\\Documents\\velura-ai-platform\\src\\shared\\lib\\utils.ts": {"path":"C:\\Users\\Gabriel Machado\\Documents\\velura-ai-platform\\src\\shared\\lib\\utils.ts","statementMap":{"0":{"start":{"line":5,"column":2},"end":{"line":5,"column":null}}},"fnMap":{"0":{"name":"cn","decl":{"start":{"line":4,"column":16},"end":{"line":4,"column":22}},"loc":{"start":{"line":4,"column":44},"end":{"line":6,"column":null}},"line":4}},"branchMap":{},"s":{"0":21},"f":{"0":21},"b":{},"meta":{"lastBranch":0,"lastFunction":1,"lastStatement":1,"seen":{"f:4:16:4:22":0,"s:5:2:5:Infinity":0}}}
,"C:\\Users\\Gabriel Machado\\Documents\\velura-ai-platform\\src\\shared\\lib\\supabase\\client.ts": {"path":"C:\\Users\\Gabriel Machado\\Documents\\velura-ai-platform\\src\\shared\\lib\\supabase\\client.ts","statementMap":{"0":{"start":{"line":5,"column":21},"end":{"line":5,"column":null}},"1":{"start":{"line":6,"column":33},"end":{"line":6,"column":null}},"2":{"start":{"line":8,"column":0},"end":{"line":10,"column":null}},"3":{"start":{"line":9,"column":2},"end":{"line":9,"column":null}},"4":{"start":{"line":15,"column":13},"end":{"line":21,"column":null}}},"fnMap":{},"branchMap":{"0":{"loc":{"start":{"line":8,"column":0},"end":{"line":10,"column":null}},"type":"if","locations":[{"start":{"line":8,"column":0},"end":{"line":10,"column":null}},{"start":{},"end":{}}],"line":8},"1":{"loc":{"start":{"line":8,"column":4},"end":{"line":8,"column":48}},"type":"binary-expr","locations":[{"start":{"line":8,"column":4},"end":{"line":8,"column":21}},{"start":{"line":8,"column":21},"end":{"line":8,"column":48}}],"line":8},"2":{"loc":{"start":{"line":17,"column":13},"end":{"line":17,"column":null}},"type":"cond-expr","locations":[{"start":{"line":17,"column":45},"end":{"line":17,"column":60}},{"start":{"line":17,"column":60},"end":{"line":17,"column":null}}],"line":17}},"s":{"0":2,"1":2,"2":2,"3":0,"4":2},"f":{},"b":{"0":[0,2],"1":[2,2],"2":[2,0]},"meta":{"lastBranch":3,"lastFunction":0,"lastStatement":5,"seen":{"s:5:21:5:Infinity":0,"s:6:33:6:Infinity":1,"b:8:0:10:Infinity:undefined:undefined:undefined:undefined":0,"s:8:0:10:Infinity":2,"b:8:4:8:21:8:21:8:48":1,"s:9:2:9:Infinity":3,"s:15:13:21:Infinity":4,"b:17:45:17:60:17:60:17:Infinity":2}}}
}
